<?xml version="1.0" encoding="UTF-8"?>
<testng-results ignored="0" total="1" passed="1" failed="0" skipped="0">
  <reporter-output>
  </reporter-output>
  <suite started-at="2022-01-09T15:19:52Z" name="testSuite" finished-at="2022-01-09T15:19:55Z" duration-ms="3362">
    <groups>
    </groups>
    <test started-at="2022-01-09T15:19:52Z" name="testSuite" finished-at="2022-01-09T15:19:55Z" duration-ms="3362">
      <class name="FirstTestFromMvn">
        <test-method signature="test()[pri:0, instance:FirstTestFromMvn@5b94b04d]" started-at="2022-01-09T15:19:52Z" name="test" finished-at="2022-01-09T15:19:55Z" duration-ms="3288" status="PASS">
          <reporter-output>
          </reporter-output>
        </test-method> <!-- test -->
      </class> <!-- FirstTestFromMvn -->
    </test> <!-- testSuite -->
  </suite> <!-- testSuite -->
</testng-results>
