<?xml version="1.0" encoding="UTF-8"?>
<testng-results ignored="0" total="1" passed="1" failed="0" skipped="0">
  <reporter-output>
  </reporter-output>
  <suite started-at="2022-01-08T11:13:20Z" name="testSuite" finished-at="2022-01-08T11:13:23Z" duration-ms="2801">
    <groups>
    </groups>
    <test started-at="2022-01-08T11:13:20Z" name="testSuite" finished-at="2022-01-08T11:13:23Z" duration-ms="2801">
      <class name="FirstTestFromMvn">
        <test-method signature="test()[pri:0, instance:FirstTestFromMvn@6a396c1e]" started-at="2022-01-08T11:13:20Z" name="test" finished-at="2022-01-08T11:13:23Z" duration-ms="2792" status="PASS">
          <reporter-output>
          </reporter-output>
        </test-method> <!-- test -->
      </class> <!-- FirstTestFromMvn -->
    </test> <!-- testSuite -->
  </suite> <!-- testSuite -->
</testng-results>
